<?xml version="1.0" encoding="utf-8"?><testsuites name="pytest tests"><testsuite name="pytest" errors="0" failures="0" skipped="0" tests="5" time="8.697" timestamp="2026-04-24T14:16:08.074645+00:00" hostname="agent-env-481e18cb-2bd7-47e3-b340-9c2bf970e4bc"><testcase classname="backend.tests.test_bill_intelligence" name="test_customer_login_works" time="0.527" /><testcase classname="backend.tests.test_bill_intelligence" name="test_admin_login_works" time="0.376" /><testcase classname="backend.tests.test_bill_intelligence" name="test_insights_requires_auth" time="0.127" /><testcase classname="backend.tests.test_bill_intelligence" name="test_insights_returns_analytics_and_ai_for_customer" time="7.127" /><testcase classname="backend.tests.test_bill_intelligence" name="test_insights_returns_message_for_admin_no_bills" time="0.486" /></testsuite></testsuites>