<?xml version="1.0" encoding="utf-8"?><testsuites name="pytest tests"><testsuite name="pytest" errors="0" failures="0" skipped="0" tests="14" time="20.780" timestamp="2026-06-16T13:31:08.678609+00:00" hostname="agent-env-481e18cb-2bd7-47e3-b340-9c2bf970e4bc"><testcase classname="backend.tests.test_tier_gating.TestAuth" name="test_login_standard" time="0.706" /><testcase classname="backend.tests.test_tier_gating.TestAuth" name="test_login_admin" time="0.866" /><testcase classname="backend.tests.test_tier_gating.TestAuth" name="test_login_invalid" time="0.358" /><testcase classname="backend.tests.test_tier_gating.TestAuth" name="test_register_new_user" time="0.769" /><testcase classname="backend.tests.test_tier_gating.TestTierGating" name="test_basic_user_blocked_on_v2_endpoints" time="2.728" /><testcase classname="backend.tests.test_tier_gating.TestTierGating" name="test_standard_user_allowed_on_v2_endpoints" time="3.507" /><testcase classname="backend.tests.test_tier_gating.TestTierGating" name="test_standard_predict_bills_returns_data" time="0.740" /><testcase classname="backend.tests.test_tier_gating.TestTierGating" name="test_subscription_tiers_open" time="0.108" /><testcase classname="backend.tests.test_tier_gating.TestTierGating" name="test_subscription_current_requires_auth" time="0.633" /><testcase classname="backend.tests.test_tier_gating.TestTierGating" name="test_unauth_blocked_on_v2_gated" time="0.459" /><testcase classname="backend.tests.test_tier_gating.TestBillsCRUD" name="test_list_bills" time="0.521" /><testcase classname="backend.tests.test_tier_gating.TestBillsCRUD" name="test_create_get_delete_bill" time="1.578" /><testcase classname="backend.tests.test_tier_gating.TestPaymentPlan" name="test_payment_plan_calculation" time="0.523" /><testcase classname="backend.tests.test_tier_gating.TestInsights" name="test_insights_analyze" time="7.219" /></testsuite></testsuites>