<?xml version="1.0" encoding="utf-8"?><testsuites name="pytest tests"><testsuite name="pytest" errors="0" failures="0" skipped="0" tests="13" time="13.691" timestamp="2026-06-16T14:09:19.294376+00:00" hostname="agent-env-481e18cb-2bd7-47e3-b340-9c2bf970e4bc"><testcase classname="backend.tests.test_supabase_auth_migration.TestLogin" name="test_customer_login_returns_token_and_user" time="1.738" /><testcase classname="backend.tests.test_supabase_auth_migration.TestLogin" name="test_admin_login_returns_admin_role" time="0.698" /><testcase classname="backend.tests.test_supabase_auth_migration.TestLogin" name="test_invalid_login_returns_401" time="3.504" /><testcase classname="backend.tests.test_supabase_auth_migration.TestProtectedEndpoints" name="test_auth_me_works" time="0.971" /><testcase classname="backend.tests.test_supabase_auth_migration.TestProtectedEndpoints" name="test_bills_endpoint_works" time="0.477" /><testcase classname="backend.tests.test_supabase_auth_migration.TestProtectedEndpoints" name="test_no_token_returns_401" time="0.043" /><testcase classname="backend.tests.test_supabase_auth_migration.TestAdminEndpoints" name="test_admin_stats_works" time="2.066" /><testcase classname="backend.tests.test_supabase_auth_migration.TestAdminEndpoints" name="test_customer_token_denied_on_admin" time="0.259" /><testcase classname="backend.tests.test_supabase_auth_migration.TestRegister" name="test_register_new_user" time="1.952" /><testcase classname="backend.tests.test_supabase_auth_migration.TestForgotPassword" name="test_forgot_password_known_email" time="0.486" /><testcase classname="backend.tests.test_supabase_auth_migration.TestForgotPassword" name="test_forgot_password_unknown_email_still_200" time="0.261" /><testcase classname="backend.tests.test_supabase_auth_migration.TestTier" name="test_subscription_current" time="0.482" /><testcase classname="backend.tests.test_supabase_auth_migration.TestTier" name="test_predict_bills_standard_tier" time="0.698" /></testsuite></testsuites>