<?xml version="1.0" encoding="utf-8"?><testsuites name="pytest tests"><testsuite name="pytest" errors="0" failures="3" skipped="0" tests="14" time="16.601" timestamp="2026-06-16T15:03:18.101202+00:00" hostname="agent-env-481e18cb-2bd7-47e3-b340-9c2bf970e4bc"><testcase classname="backend.tests.test_wizard_flow.TestAuth" name="test_customer_login" time="5.845" /><testcase classname="backend.tests.test_wizard_flow.TestAuth" name="test_admin_login" time="0.796" /><testcase classname="backend.tests.test_wizard_flow.TestBillExtract" name="test_extract_pdf_returns_data_or_400" time="1.410"><failure message="AssertionError: missing key category in response: {'amount': 125.5, 'due_date': '2026-02-15', 'account_number': '1234567890', 'provider': 'AGL', 'biller_code': '12345', 'bpay_code': '12345', 'frequency': 'monthly', 'extracted_text': 'AGL Energy\nAccount Number: 1234567890\nAmount Due: $125.50\nDue Date: 15/02/2026\nBiller Code: 12345', 'extraction_method': 'pdfplumber'}&#10;assert 'category' in {'account_number': '1234567890', 'amount': 125.5, 'biller_code': '12345', 'bpay_code': '12345', ...}">backend/tests/test_wizard_flow.py:99: in test_extract_pdf_returns_data_or_400
    assert k in d, f"missing key {k} in response: {d}"
E   AssertionError: missing key category in response: {'amount': 125.5, 'due_date': '2026-02-15', 'account_number': '1234567890', 'provider': 'AGL', 'biller_code': '12345', 'bpay_code': '12345', 'frequency': 'monthly', 'extracted_text': 'AGL Energy\nAccount Number: 1234567890\nAmount Due: $125.50\nDue Date: 15/02/2026\nBiller Code: 12345', 'extraction_method': 'pdfplumber'}
E   assert 'category' in {'account_number': '1234567890', 'amount': 125.5, 'biller_code': '12345', 'bpay_code': '12345', ...}</failure></testcase><testcase classname="backend.tests.test_wizard_flow.TestBillExtract" name="test_extract_no_file_returns_422" time="0.538" /><testcase classname="backend.tests.test_wizard_flow.TestBillCRUD" name="test_create_bill" time="0.729" /><testcase classname="backend.tests.test_wizard_flow.TestBillCRUD" name="test_get_bills_includes_created" time="0.696" /><testcase classname="backend.tests.test_wizard_flow.TestBillCRUD" name="test_delete_created_bill" time="0.706" /><testcase classname="backend.tests.test_wizard_flow.TestPaymentMethods" name="test_save_bank_account_no_500" time="0.725" /><testcase classname="backend.tests.test_wizard_flow.TestPaymentMethods" name="test_save_debit_card" time="0.709" /><testcase classname="backend.tests.test_wizard_flow.TestPaymentMethods" name="test_get_payment_methods" time="0.704" /><testcase classname="backend.tests.test_wizard_flow.TestPaymentMethods" name="test_cleanup_methods" time="1.398" /><testcase classname="backend.tests.test_wizard_flow.TestPaymentPlan" name="test_calc_plan" time="0.700"><failure message="AssertionError: assert 'weekly' in {'annual_bill_total': 11801.8, 'buffered_annual': 12745.94, 'options': [{'amount': 245.11, 'deductions_per_year': 52, 'frequency': 'weekly', 'label': 'Weekly'}, {'amount': 490.23, 'deductions_per_year': 26, 'frequency': 'fortnightly', 'label': 'Fortnightly'}, {'amount': 1062.16, 'deductions_per_year': 12, 'frequency': 'monthly', 'label': 'Monthly'}], 'safety_buffer_pct': 8.0, ...}">backend/tests/test_wizard_flow.py:209: in test_calc_plan
    assert k in d
E   AssertionError: assert 'weekly' in {'annual_bill_total': 11801.8, 'buffered_annual': 12745.94, 'options': [{'amount': 245.11, 'deductions_per_year': 52, 'frequency': 'weekly', 'label': 'Weekly'}, {'amount': 490.23, 'deductions_per_year': 26, 'frequency': 'fortnightly', 'label': 'Fortnightly'}, {'amount': 1062.16, 'deductions_per_year': 12, 'frequency': 'monthly', 'label': 'Monthly'}], 'safety_buffer_pct': 8.0, ...}</failure></testcase><testcase classname="backend.tests.test_wizard_flow.TestPaymentPlan" name="test_current_plan" time="0.711" /><testcase classname="backend.tests.test_wizard_flow.TestAdmin" name="test_admin_stats_accessible" time="0.841"><failure message="AssertionError: admin stats: 401 {&quot;detail&quot;:&quot;Invalid token&quot;}&#10;assert 401 == 200&#10; +  where 401 = &lt;Response [401]&gt;.status_code">backend/tests/test_wizard_flow.py:222: in test_admin_stats_accessible
    assert r.status_code == 200, f"admin stats: {r.status_code} {r.text[:300]}"
E   AssertionError: admin stats: 401 {"detail":"Invalid token"}
E   assert 401 == 200
E    +  where 401 = &lt;Response [401]&gt;.status_code</failure></testcase></testsuite></testsuites>