<?xml version="1.0" encoding="utf-8"?><testsuites name="pytest tests"><testsuite name="pytest" errors="0" failures="0" skipped="0" tests="12" time="1.975" timestamp="2026-04-11T08:47:28.874803+00:00" hostname="agent-env-481e18cb-2bd7-47e3-b340-9c2bf970e4bc"><testcase classname="backend.tests.test_bill_extraction.TestAuthEndpoints" name="test_login_success" time="0.427" /><testcase classname="backend.tests.test_bill_extraction.TestAuthEndpoints" name="test_login_invalid_credentials" time="0.049" /><testcase classname="backend.tests.test_bill_extraction.TestBillsEndpoints" name="test_get_bills" time="0.327" /><testcase classname="backend.tests.test_bill_extraction.TestBillsEndpoints" name="test_create_bill_manually" time="0.104" /><testcase classname="backend.tests.test_bill_extraction.TestAccurassiStatus" name="test_accurassi_status" time="0.052" /><testcase classname="backend.tests.test_bill_extraction.TestBillExtraction" name="test_extract_pdf_file" time="0.121" /><testcase classname="backend.tests.test_bill_extraction.TestBillExtraction" name="test_extract_jpg_image_returns_manual_entry" time="0.123" /><testcase classname="backend.tests.test_bill_extraction.TestBillExtraction" name="test_extract_png_image_returns_manual_entry" time="0.107" /><testcase classname="backend.tests.test_bill_extraction.TestBillExtraction" name="test_extract_invalid_file_returns_400" time="0.201" /><testcase classname="backend.tests.test_bill_extraction.TestBillExtraction" name="test_extract_corrupted_image_returns_400" time="0.130" /><testcase classname="backend.tests.test_bill_extraction.TestBillExtraction" name="test_extract_without_auth_returns_401" time="0.148" /><testcase classname="backend.tests.test_bill_extraction.TestDashboardStats" name="test_dashboard_stats" time="0.052" /></testsuite></testsuites>