<?xml version="1.0" encoding="utf-8"?><testsuites name="pytest tests"><testsuite name="pytest" errors="0" failures="0" skipped="0" tests="18" time="12.248" timestamp="2026-04-11T05:32:37.723540+00:00" hostname="agent-env-481e18cb-2bd7-47e3-b340-9c2bf970e4bc"><testcase classname="backend.tests.test_notifications_exports.TestAuth" name="test_user_login" time="0.389" /><testcase classname="backend.tests.test_notifications_exports.TestAuth" name="test_admin_login" time="0.324" /><testcase classname="backend.tests.test_notifications_exports.TestNotifications" name="test_get_notifications" time="0.477" /><testcase classname="backend.tests.test_notifications_exports.TestNotifications" name="test_mark_notification_read" time="0.584" /><testcase classname="backend.tests.test_notifications_exports.TestNotifications" name="test_mark_all_notifications_read" time="0.589" /><testcase classname="backend.tests.test_notifications_exports.TestNotifications" name="test_delete_notification" time="0.647" /><testcase classname="backend.tests.test_notifications_exports.TestAdminExports" name="test_export_outstanding_csv" time="0.446" /><testcase classname="backend.tests.test_notifications_exports.TestAdminExports" name="test_export_customers_csv" time="0.450" /><testcase classname="backend.tests.test_notifications_exports.TestAdminExports" name="test_export_outstanding_pdf" time="0.449" /><testcase classname="backend.tests.test_notifications_exports.TestAdminExports" name="test_export_financial_pdf" time="0.444" /><testcase classname="backend.tests.test_notifications_exports.TestAdminExports" name="test_export_requires_admin" time="1.131" /><testcase classname="backend.tests.test_notifications_exports.TestExistingFeatures" name="test_bills_crud" time="0.772" /><testcase classname="backend.tests.test_notifications_exports.TestExistingFeatures" name="test_payment_plan" time="0.883" /><testcase classname="backend.tests.test_notifications_exports.TestExistingFeatures" name="test_payment_methods" time="0.769" /><testcase classname="backend.tests.test_notifications_exports.TestExistingFeatures" name="test_dashboard_stats" time="0.775" /><testcase classname="backend.tests.test_notifications_exports.TestExistingFeatures" name="test_admin_stats" time="1.002" /><testcase classname="backend.tests.test_notifications_exports.TestExistingFeatures" name="test_transactions" time="0.784" /><testcase classname="backend.tests.test_notifications_exports.TestExistingFeatures" name="test_stripe_checkout_create" time="1.244" /></testsuite></testsuites>