<?xml version="1.0" encoding="utf-8"?><testsuites name="pytest tests"><testsuite name="pytest" errors="0" failures="0" skipped="0" tests="16" time="2.636" timestamp="2026-04-22T09:29:52.483699+00:00" hostname="agent-env-481e18cb-2bd7-47e3-b340-9c2bf970e4bc"><testcase classname="tests.test_encryption_becs.TestBankDetailsEncryption" name="test_create_bank_details_returns_masked" time="0.528" /><testcase classname="tests.test_encryption_becs.TestBankDetailsEncryption" name="test_get_bank_details_returns_masked" time="0.059" /><testcase classname="tests.test_encryption_becs.TestBankDetailsEncryption" name="test_mongodb_stores_encrypted_values" time="0.015" /><testcase classname="tests.test_encryption_becs.TestDirectDebitEncryption" name="test_create_ddr_returns_masked" time="0.062" /><testcase classname="tests.test_encryption_becs.TestDirectDebitEncryption" name="test_get_ddr_mandates_returns_masked" time="0.055" /><testcase classname="tests.test_encryption_becs.TestDirectDebitEncryption" name="test_mongodb_stores_encrypted_ddr" time="0.001" /><testcase classname="tests.test_encryption_becs.TestPaymentMethodsEncryption" name="test_create_bank_payment_method_encrypts_bsb" time="0.063" /><testcase classname="tests.test_encryption_becs.TestPaymentMethodsEncryption" name="test_create_card_payment_method_no_raw_storage" time="0.054" /><testcase classname="tests.test_encryption_becs.TestPaymentMethodsEncryption" name="test_get_payment_methods_returns_masked" time="0.058" /><testcase classname="tests.test_encryption_becs.TestPaymentMethodsEncryption" name="test_mongodb_stores_encrypted_bsb" time="0.001" /><testcase classname="tests.test_encryption_becs.TestPaymentMethodsEncryption" name="test_mongodb_no_raw_card_number" time="0.001" /><testcase classname="tests.test_encryption_becs.TestStripeCheckout" name="test_checkout_with_card_succeeds" time="0.591" /><testcase classname="tests.test_encryption_becs.TestStripeCheckout" name="test_checkout_with_becs_returns_clear_error" time="0.241" /><testcase classname="tests.test_encryption_becs.TestComplianceEndpoints" name="test_compliance_status_admin_only" time="0.478" /><testcase classname="tests.test_encryption_becs.TestComplianceEndpoints" name="test_encrypt_existing_data_admin_only" time="0.111" /><testcase classname="tests.test_encryption_becs.TestCleanup" name="test_cleanup_test_data" time="0.182" /></testsuite></testsuites>