<?xml version="1.0" encoding="utf-8"?><testsuites name="pytest tests"><testsuite name="pytest" errors="0" failures="0" skipped="0" tests="11" time="5.809" timestamp="2026-04-24T13:33:03.372277+00:00" hostname="agent-env-481e18cb-2bd7-47e3-b340-9c2bf970e4bc"><testcase classname="backend.tests.test_gpt_vision_extraction.TestAuthEndpoints" name="test_customer_login_success" time="0.478" /><testcase classname="backend.tests.test_gpt_vision_extraction.TestAuthEndpoints" name="test_admin_login_success" time="0.275" /><testcase classname="backend.tests.test_gpt_vision_extraction.TestAccurassiStatus" name="test_accurassi_status_shows_ocr_available" time="0.351" /><testcase classname="backend.tests.test_gpt_vision_extraction.TestGPTVisionExtraction" name="test_extract_jpeg_image_via_ai_vision" time="1.988" /><testcase classname="backend.tests.test_gpt_vision_extraction.TestGPTVisionExtraction" name="test_extract_png_image_via_ai_vision" time="1.647" /><testcase classname="backend.tests.test_gpt_vision_extraction.TestPDFExtractionWithSpacedNumbers" name="test_extract_pdf_preserves_spaces_in_numbers" time="0.157" /><testcase classname="backend.tests.test_gpt_vision_extraction.TestFieldExtractionPatterns" name="test_account_number_extraction_from_label" time="0.142" /><testcase classname="backend.tests.test_gpt_vision_extraction.TestFieldExtractionPatterns" name="test_biller_code_extraction_from_pattern" time="0.149" /><testcase classname="backend.tests.test_gpt_vision_extraction.TestFieldExtractionPatterns" name="test_reference_number_extraction_from_bpay_ref" time="0.192" /><testcase classname="backend.tests.test_gpt_vision_extraction.TestEdgeCases" name="test_extract_without_auth_returns_401" time="0.128" /><testcase classname="backend.tests.test_gpt_vision_extraction.TestEdgeCases" name="test_extract_invalid_file_returns_400" time="0.170" /></testsuite></testsuites>