<?xml version="1.0" encoding="utf-8"?><testsuites name="pytest tests"><testsuite name="pytest" errors="0" failures="0" skipped="0" tests="29" time="12.845" timestamp="2026-04-11T02:24:28.229936+00:00" hostname="agent-env-481e18cb-2bd7-47e3-b340-9c2bf970e4bc"><testcase classname="tests.test_billseasypay_api.TestHealthCheck" name="test_api_root" time="0.222" /><testcase classname="tests.test_billseasypay_api.TestAuthentication" name="test_login_success" time="0.378" /><testcase classname="tests.test_billseasypay_api.TestAuthentication" name="test_login_invalid_credentials" time="0.124" /><testcase classname="tests.test_billseasypay_api.TestAuthentication" name="test_register_duplicate_email" time="0.109" /><testcase classname="tests.test_billseasypay_api.TestAuthentication" name="test_register_new_user" time="0.336" /><testcase classname="tests.test_billseasypay_api.TestBillsCRUD" name="test_get_bills" time="0.509" /><testcase classname="tests.test_billseasypay_api.TestBillsCRUD" name="test_create_bill" time="0.478" /><testcase classname="tests.test_billseasypay_api.TestBillsCRUD" name="test_create_and_get_bill" time="0.588" /><testcase classname="tests.test_billseasypay_api.TestBillsCRUD" name="test_update_bill" time="0.603" /><testcase classname="tests.test_billseasypay_api.TestBillsCRUD" name="test_delete_bill" time="0.668" /><testcase classname="tests.test_billseasypay_api.TestWalletTransactions" name="test_deposit_to_wallet" time="0.451" /><testcase classname="tests.test_billseasypay_api.TestWalletTransactions" name="test_get_transactions" time="0.452" /><testcase classname="tests.test_billseasypay_api.TestWalletTransactions" name="test_dashboard_stats" time="0.457" /><testcase classname="tests.test_billseasypay_api.TestDirectDebit" name="test_validate_bsb_valid" time="0.467" /><testcase classname="tests.test_billseasypay_api.TestDirectDebit" name="test_validate_bsb_invalid" time="0.442" /><testcase classname="tests.test_billseasypay_api.TestDirectDebit" name="test_create_ddr_mandate" time="0.435" /><testcase classname="tests.test_billseasypay_api.TestDirectDebit" name="test_get_ddr_mandates" time="0.448" /><testcase classname="tests.test_billseasypay_api.TestProviderConnections" name="test_connect_provider" time="0.502" /><testcase classname="tests.test_billseasypay_api.TestProviderConnections" name="test_get_provider_connections" time="0.445" /><testcase classname="tests.test_billseasypay_api.TestAccurassiOCR" name="test_accurassi_status" time="0.442" /><testcase classname="tests.test_billseasypay_api.TestAccurassiOCR" name="test_bill_extract_endpoint_exists" time="0.465" /><testcase classname="tests.test_billseasypay_api.TestAdminEndpoints" name="test_admin_login" time="0.347" /><testcase classname="tests.test_billseasypay_api.TestAdminEndpoints" name="test_admin_stats" time="0.469" /><testcase classname="tests.test_billseasypay_api.TestAdminEndpoints" name="test_admin_stats_requires_admin" time="0.447" /><testcase classname="tests.test_billseasypay_api.TestAdminEndpoints" name="test_admin_bulk_payment_report_daily" time="0.461" /><testcase classname="tests.test_billseasypay_api.TestAdminEndpoints" name="test_admin_bulk_payment_report_monthly" time="0.446" /><testcase classname="tests.test_billseasypay_api.TestAdminEndpoints" name="test_admin_bulk_payment_report_with_dates" time="0.449" /><testcase classname="tests.test_billseasypay_api.TestAdminEndpoints" name="test_admin_users_list" time="0.455" /><testcase classname="tests.test_billseasypay_api.TestOpenElectricityRemoved" name="test_no_electricity_endpoints" time="0.662" /></testsuite></testsuites>