<?xml version="1.0" encoding="utf-8"?><testsuites name="pytest tests"><testsuite name="pytest" errors="0" failures="0" skipped="0" tests="66" time="30.118" timestamp="2026-04-11T05:06:46.451271+00:00" hostname="agent-env-481e18cb-2bd7-47e3-b340-9c2bf970e4bc"><testcase classname="backend.tests.test_billseasypay_api.TestHealthCheck" name="test_api_root" time="0.129" /><testcase classname="backend.tests.test_billseasypay_api.TestAuthentication" name="test_login_success" time="0.333" /><testcase classname="backend.tests.test_billseasypay_api.TestAuthentication" name="test_login_invalid_credentials" time="0.117" /><testcase classname="backend.tests.test_billseasypay_api.TestAuthentication" name="test_register_duplicate_email" time="0.107" /><testcase classname="backend.tests.test_billseasypay_api.TestAuthentication" name="test_register_new_user" time="0.332" /><testcase classname="backend.tests.test_billseasypay_api.TestBillsCRUD" name="test_get_bills" time="0.449" /><testcase classname="backend.tests.test_billseasypay_api.TestBillsCRUD" name="test_create_bill" time="0.446" /><testcase classname="backend.tests.test_billseasypay_api.TestBillsCRUD" name="test_create_and_get_bill" time="0.538" /><testcase classname="backend.tests.test_billseasypay_api.TestBillsCRUD" name="test_update_bill" time="0.594" /><testcase classname="backend.tests.test_billseasypay_api.TestBillsCRUD" name="test_delete_bill" time="0.655" /><testcase classname="backend.tests.test_billseasypay_api.TestWalletTransactions" name="test_deposit_to_wallet" time="0.431" /><testcase classname="backend.tests.test_billseasypay_api.TestWalletTransactions" name="test_get_transactions" time="0.453" /><testcase classname="backend.tests.test_billseasypay_api.TestWalletTransactions" name="test_dashboard_stats" time="0.445" /><testcase classname="backend.tests.test_billseasypay_api.TestDirectDebit" name="test_validate_bsb_valid" time="0.462" /><testcase classname="backend.tests.test_billseasypay_api.TestDirectDebit" name="test_validate_bsb_invalid" time="0.434" /><testcase classname="backend.tests.test_billseasypay_api.TestDirectDebit" name="test_create_ddr_mandate" time="0.454" /><testcase classname="backend.tests.test_billseasypay_api.TestDirectDebit" name="test_get_ddr_mandates" time="0.467" /><testcase classname="backend.tests.test_billseasypay_api.TestProviderConnections" name="test_connect_provider" time="0.443" /><testcase classname="backend.tests.test_billseasypay_api.TestProviderConnections" name="test_get_provider_connections" time="0.472" /><testcase classname="backend.tests.test_billseasypay_api.TestAccurassiOCR" name="test_accurassi_status" time="0.434" /><testcase classname="backend.tests.test_billseasypay_api.TestAccurassiOCR" name="test_bill_extract_endpoint_exists" time="0.439" /><testcase classname="backend.tests.test_billseasypay_api.TestAdminEndpoints" name="test_admin_login" time="0.327" /><testcase classname="backend.tests.test_billseasypay_api.TestAdminEndpoints" name="test_admin_stats" time="0.441" /><testcase classname="backend.tests.test_billseasypay_api.TestAdminEndpoints" name="test_admin_stats_requires_admin" time="0.431" /><testcase classname="backend.tests.test_billseasypay_api.TestAdminEndpoints" name="test_admin_bulk_payment_report_daily" time="0.453" /><testcase classname="backend.tests.test_billseasypay_api.TestAdminEndpoints" name="test_admin_bulk_payment_report_monthly" time="0.446" /><testcase classname="backend.tests.test_billseasypay_api.TestAdminEndpoints" name="test_admin_bulk_payment_report_with_dates" time="0.458" /><testcase classname="backend.tests.test_billseasypay_api.TestAdminEndpoints" name="test_admin_users_list" time="0.450" /><testcase classname="backend.tests.test_billseasypay_api.TestPaymentPlan" name="test_calculate_payment_plan" time="0.466" /><testcase classname="backend.tests.test_billseasypay_api.TestPaymentPlan" name="test_select_payment_plan_weekly" time="0.449" /><testcase classname="backend.tests.test_billseasypay_api.TestPaymentPlan" name="test_select_payment_plan_fortnightly" time="0.436" /><testcase classname="backend.tests.test_billseasypay_api.TestPaymentPlan" name="test_select_payment_plan_monthly" time="0.441" /><testcase classname="backend.tests.test_billseasypay_api.TestPaymentPlan" name="test_select_payment_plan_invalid_frequency" time="0.434" /><testcase classname="backend.tests.test_billseasypay_api.TestPaymentPlan" name="test_get_current_plan" time="0.446" /><testcase classname="backend.tests.test_billseasypay_api.TestPaymentPlan" name="test_simulate_deduction" time="0.615" /><testcase classname="backend.tests.test_billseasypay_api.TestPaymentMethods" name="test_add_bank_account" time="0.474" /><testcase classname="backend.tests.test_billseasypay_api.TestPaymentMethods" name="test_add_credit_card" time="0.431" /><testcase classname="backend.tests.test_billseasypay_api.TestPaymentMethods" name="test_add_debit_card" time="0.434" /><testcase classname="backend.tests.test_billseasypay_api.TestPaymentMethods" name="test_get_payment_methods" time="0.431" /><testcase classname="backend.tests.test_billseasypay_api.TestPaymentMethods" name="test_set_primary_payment_method" time="0.580" /><testcase classname="backend.tests.test_billseasypay_api.TestPaymentMethods" name="test_delete_payment_method" time="0.654" /><testcase classname="backend.tests.test_billseasypay_api.TestAdminAnalytics" name="test_financial_overview" time="0.441" /><testcase classname="backend.tests.test_billseasypay_api.TestAdminAnalytics" name="test_outstanding_by_period" time="0.450" /><testcase classname="backend.tests.test_billseasypay_api.TestAdminAnalytics" name="test_customer_analytics" time="0.433" /><testcase classname="backend.tests.test_billseasypay_api.TestOpenElectricityRemoved" name="test_no_electricity_endpoints" time="0.637" /><testcase classname="backend.tests.test_stripe_scheduler.TestStripeCheckout" name="test_create_checkout_small_package" time="0.901" /><testcase classname="backend.tests.test_stripe_scheduler.TestStripeCheckout" name="test_create_checkout_medium_package" time="0.825" /><testcase classname="backend.tests.test_stripe_scheduler.TestStripeCheckout" name="test_create_checkout_large_package" time="0.794" /><testcase classname="backend.tests.test_stripe_scheduler.TestStripeCheckout" name="test_create_checkout_custom_plan" time="0.968" /><testcase classname="backend.tests.test_stripe_scheduler.TestStripeCheckout" name="test_create_checkout_invalid_package" time="0.440" /><testcase classname="backend.tests.test_stripe_scheduler.TestStripeCheckout" name="test_create_checkout_requires_auth" time="0.120" /><testcase classname="backend.tests.test_stripe_scheduler.TestPaymentStatus" name="test_payment_status_valid_session" time="1.140" /><testcase classname="backend.tests.test_stripe_scheduler.TestPaymentStatus" name="test_payment_status_invalid_session" time="0.433" /><testcase classname="backend.tests.test_stripe_scheduler.TestStripeWebhook" name="test_webhook_endpoint_exists" time="0.100" /><testcase classname="backend.tests.test_stripe_scheduler.TestPaymentHistory" name="test_get_payment_history" time="0.446" /><testcase classname="backend.tests.test_stripe_scheduler.TestPaymentHistory" name="test_payment_history_requires_auth" time="0.108" /><testcase classname="backend.tests.test_stripe_scheduler.TestSchedulerTrigger" name="test_trigger_scheduler_now" time="0.444" /><testcase classname="backend.tests.test_stripe_scheduler.TestSchedulerTrigger" name="test_trigger_scheduler_requires_auth" time="0.115" /><testcase classname="backend.tests.test_stripe_scheduler.TestTransactionHistory" name="test_get_transaction_history" time="0.425" /><testcase classname="backend.tests.test_stripe_scheduler.TestTransactionHistory" name="test_transaction_history_sorted_by_date" time="0.440" /><testcase classname="backend.tests.test_stripe_scheduler.TestTransactionHistory" name="test_transaction_history_requires_auth" time="0.112" /><testcase classname="backend.tests.test_stripe_scheduler.TestAccurassiStatus" name="test_accurassi_status_returns_ocr_fallback" time="0.432" /><testcase classname="backend.tests.test_stripe_scheduler.TestPaymentPlanWithNextDeduction" name="test_select_plan_creates_next_deduction_date" time="0.448" /><testcase classname="backend.tests.test_stripe_scheduler.TestPaymentPlanWithNextDeduction" name="test_plan_has_total_collected_and_paid_out" time="0.560" /><testcase classname="backend.tests.test_stripe_scheduler.TestAdminFinancialOverviewWithPayments" name="test_financial_overview_includes_collected_and_paid" time="0.432" /><testcase classname="backend.tests.test_stripe_scheduler.TestAdminCustomerAnalyticsRiskLevels" name="test_customer_analytics_has_risk_levels" time="0.456" /></testsuite></testsuites>