<?xml version="1.0" encoding="utf-8"?><testsuites name="pytest tests"><testsuite name="pytest" errors="0" failures="1" skipped="0" tests="12" time="2.118" timestamp="2026-04-22T10:22:27.226090+00:00" hostname="agent-env-481e18cb-2bd7-47e3-b340-9c2bf970e4bc"><testcase classname="backend.tests.test_biller_code_admin_payments.TestBillExtractionWithBillerCode" name="test_extract_pdf_with_biller_code_and_reference" time="0.540" /><testcase classname="backend.tests.test_biller_code_admin_payments.TestBillCRUDWithBillerCode" name="test_create_bill_with_biller_code_and_reference" time="0.108" /><testcase classname="backend.tests.test_biller_code_admin_payments.TestBillCRUDWithBillerCode" name="test_get_bills_returns_biller_code_and_reference" time="0.051" /><testcase classname="backend.tests.test_biller_code_admin_payments.TestAdminPaymentQueue" name="test_admin_payment_queue_returns_pending_bills" time="0.377" /><testcase classname="backend.tests.test_biller_code_admin_payments.TestAdminPaymentQueue" name="test_admin_payment_queue_groups_by_provider" time="0.045" /><testcase classname="backend.tests.test_biller_code_admin_payments.TestAdminPayBill" name="test_admin_pay_single_bill" time="0.095" /><testcase classname="backend.tests.test_biller_code_admin_payments.TestAdminPayBill" name="test_admin_pay_already_paid_bill_returns_404" time="0.090"><failure message="AssertionError: Expected 404 for already paid bill, got 200&#10;assert 200 == 404&#10; +  where 200 = &lt;Response [200]&gt;.status_code">backend/tests/test_biller_code_admin_payments.py:321: in test_admin_pay_already_paid_bill_returns_404
    assert response.status_code == 404, f"Expected 404 for already paid bill, got {response.status_code}"
E   AssertionError: Expected 404 for already paid bill, got 200
E   assert 200 == 404
E    +  where 200 = &lt;Response [200]&gt;.status_code</failure></testcase><testcase classname="backend.tests.test_biller_code_admin_payments.TestAdminBulkPayment" name="test_admin_bulk_pay_bills" time="0.191" /><testcase classname="backend.tests.test_biller_code_admin_payments.TestAdminAccessControl" name="test_payment_queue_requires_admin" time="0.050" /><testcase classname="backend.tests.test_biller_code_admin_payments.TestAdminAccessControl" name="test_pay_bill_requires_admin" time="0.044" /><testcase classname="backend.tests.test_biller_code_admin_payments.TestAdminAccessControl" name="test_bulk_pay_requires_admin" time="0.043" /><testcase classname="backend.tests.test_biller_code_admin_payments.TestCleanup" name="test_cleanup_test_bills" time="0.338" /></testsuite></testsuites>