<?xml version="1.0" encoding="utf-8"?><testsuites name="pytest tests"><testsuite name="pytest" errors="0" failures="1" skipped="0" tests="17" time="22.475" timestamp="2026-06-16T13:04:38.252849+00:00" hostname="agent-env-481e18cb-2bd7-47e3-b340-9c2bf970e4bc"><testcase classname="backend.tests.test_supabase_migration.TestAuth" name="test_customer_login" time="4.377" /><testcase classname="backend.tests.test_supabase_migration.TestAuth" name="test_admin_login" time="0.484" /><testcase classname="backend.tests.test_supabase_migration.TestAuth" name="test_invalid_login" time="0.266" /><testcase classname="backend.tests.test_supabase_migration.TestAuth" name="test_me_endpoint" time="0.757" /><testcase classname="backend.tests.test_supabase_migration.TestAuth" name="test_register_new_user" time="0.750"><failure message="AssertionError: Register failed: 500 Internal Server Error&#10;assert 500 in (200, 201)&#10; +  where 500 = &lt;Response [500]&gt;.status_code">E   AssertionError: Register failed: 500 Internal Server Error
    assert 500 in (200, 201)
     +  where 500 = &lt;Response [500]&gt;.status_code</failure></testcase><testcase classname="backend.tests.test_supabase_migration.TestBills" name="test_list_bills" time="0.484" /><testcase classname="backend.tests.test_supabase_migration.TestBills" name="test_create_and_get_bill" time="1.008" /><testcase classname="backend.tests.test_supabase_migration.TestPaymentPlan" name="test_calculate" time="0.491" /><testcase classname="backend.tests.test_supabase_migration.TestPaymentPlan" name="test_current" time="0.480" /><testcase classname="backend.tests.test_supabase_migration.TestBillIntelligence" name="test_insights_analyze" time="9.264" /><testcase classname="backend.tests.test_supabase_migration.TestV2Forecast" name="test_predict_bills" time="0.558" /><testcase classname="backend.tests.test_supabase_migration.TestV2Forecast" name="test_plan_health" time="0.479" /><testcase classname="backend.tests.test_supabase_migration.TestV2Forecast" name="test_savings_comparison" time="0.693" /><testcase classname="backend.tests.test_supabase_migration.TestSubscription" name="test_tiers_returns_three" time="0.045" /><testcase classname="backend.tests.test_supabase_migration.TestSubscription" name="test_current" time="0.484" /><testcase classname="backend.tests.test_supabase_migration.TestNotifications" name="test_list" time="0.493" /><testcase classname="backend.tests.test_supabase_migration.TestAdmin" name="test_admin_users_list" time="1.190" /></testsuite></testsuites>