<?xml version="1.0" encoding="utf-8"?><testsuites name="pytest tests"><testsuite name="pytest" errors="0" failures="0" skipped="0" tests="13" time="3.836" timestamp="2026-05-15T14:38:02.213172+00:00" hostname="agent-env-481e18cb-2bd7-47e3-b340-9c2bf970e4bc"><testcase classname="backend.tests.test_v2_billing_smoothing.TestPredictBills" name="test_predict_bills_returns_12_month_forecast" time="0.849" /><testcase classname="backend.tests.test_v2_billing_smoothing.TestPredictBills" name="test_predict_bills_seasonal_weighting" time="0.170" /><testcase classname="backend.tests.test_v2_billing_smoothing.TestPredictBills" name="test_predict_bills_requires_auth" time="0.114" /><testcase classname="backend.tests.test_v2_billing_smoothing.TestSimulatePlan" name="test_simulate_plan_monthly" time="0.129" /><testcase classname="backend.tests.test_v2_billing_smoothing.TestSimulatePlan" name="test_simulate_plan_frequency_changes_amount" time="0.396" /><testcase classname="backend.tests.test_v2_billing_smoothing.TestSimulatePlan" name="test_simulate_plan_invalid_frequency" time="0.143" /><testcase classname="backend.tests.test_v2_billing_smoothing.TestPlanHealth" name="test_plan_health_response_shape" time="0.168" /><testcase classname="backend.tests.test_v2_billing_smoothing.TestSavingsComparison" name="test_savings_comparison_shape" time="0.110" /><testcase classname="backend.tests.test_v2_billing_smoothing.TestSubscription" name="test_get_tiers_returns_three" time="0.144" /><testcase classname="backend.tests.test_v2_billing_smoothing.TestSubscription" name="test_get_current_default_basic" time="0.246" /><testcase classname="backend.tests.test_v2_billing_smoothing.TestSubscription" name="test_select_subscription_updates_tier" time="0.617" /><testcase classname="backend.tests.test_v2_billing_smoothing.TestSubscription" name="test_select_invalid_tier" time="0.110" /><testcase classname="backend.tests.test_v2_billing_smoothing.TestSubscription" name="test_premium_buffer_is_lower" time="0.567" /></testsuite></testsuites>